[I 2023-08-12 09:59:17.369 ServerApp] Package notebook took 0.0000s to import
[I 2023-08-12 09:59:17.694 ServerApp] Package jupyter_lsp took 0.3241s to import
[W 2023-08-12 09:59:17.694 ServerApp] A `_jupyter_server_extension_points` function was not found in jupyter_lsp. Instead, a `_jupyter_server_extension_paths` function was found and will be used for now. This function name will be deprecated in future releases of Jupyter Server.
[I 2023-08-12 09:59:17.846 ServerApp] Package jupyter_server_terminals took 0.1516s to import
[I 2023-08-12 09:59:17.847 ServerApp] Package jupyterlab took 0.0000s to import
[I 2023-08-12 09:59:18.682 ServerApp] Package notebook_shim took 0.0000s to import
[W 2023-08-12 09:59:18.682 ServerApp] A `_jupyter_server_extension_points` function was not found in notebook_shim. Instead, a `_jupyter_server_extension_paths` function was found and will be used for now. This function name will be deprecated in future releases of Jupyter Server.
[I 2023-08-12 09:59:18.685 ServerApp] jupyter_lsp | extension was successfully linked.
[I 2023-08-12 09:59:18.689 ServerApp] jupyter_server_terminals | extension was successfully linked.
[W 2023-08-12 09:59:18.692 LabApp] 'token' has moved from NotebookApp to ServerApp. This config will be passed to ServerApp. Be sure to update your config before our next release.
[W 2023-08-12 09:59:18.695 ServerApp] ServerApp.token config is deprecated in 2.0. Use IdentityProvider.token.
[I 2023-08-12 09:59:18.695 ServerApp] jupyterlab | extension was successfully linked.
[I 2023-08-12 09:59:18.701 ServerApp] notebook | extension was successfully linked.
[I 2023-08-12 09:59:23.917 ServerApp] notebook_shim | extension was successfully linked.
[I 2023-08-12 09:59:24.264 ServerApp] notebook_shim | extension was successfully loaded.
[I 2023-08-12 09:59:24.267 ServerApp] jupyter_lsp | extension was successfully loaded.
[I 2023-08-12 09:59:24.268 ServerApp] jupyter_server_terminals | extension was successfully loaded.
[I 2023-08-12 09:59:24.273 LabApp] JupyterLab extension loaded from /Users/vatsal/miniconda/lib/python3.11/site-packages/jupyterlab
[I 2023-08-12 09:59:24.274 LabApp] JupyterLab application directory is /Users/vatsal/miniconda/share/jupyter/lab
[I 2023-08-12 09:59:24.274 LabApp] Extension Manager is 'pypi'.
[I 2023-08-12 09:59:24.278 ServerApp] jupyterlab | extension was successfully loaded.
[I 2023-08-12 09:59:24.284 ServerApp] notebook | extension was successfully loaded.
[I 2023-08-12 09:59:24.285 ServerApp] Serving notebooks from local directory: /Users/vatsal/SSDCopy/Projects/LinearRegressionBasic02/notebooks
[I 2023-08-12 09:59:24.285 ServerApp] Jupyter Server 2.7.0 is running at:
[I 2023-08-12 09:59:24.285 ServerApp] http://localhost:9091/tree?token=...
[I 2023-08-12 09:59:24.285 ServerApp]     http://127.0.0.1:9091/tree?token=...
[I 2023-08-12 09:59:24.285 ServerApp] Use Control-C to stop this server and shut down all kernels (twice to skip confirmation).
[I 2023-08-12 09:59:24.370 ServerApp] Skipped non-installed server(s): bash-language-server, dockerfile-language-server-nodejs, javascript-typescript-langserver, jedi-language-server, julia-language-server, pyright, python-language-server, python-lsp-server, r-languageserver, sql-language-server, texlab, typescript-language-server, unified-language-server, vscode-css-languageserver-bin, vscode-html-languageserver-bin, vscode-json-languageserver-bin, yaml-language-server
[I 2023-08-12 10:00:05.564 ServerApp] Shutting down on /api/shutdown request.
[I 2023-08-12 10:00:05.565 ServerApp] Shutting down 5 extensions
